[debug] [2018-11-20T18:34:15.228Z] ----------------------------------------------------------------------
[debug] [2018-11-20T18:34:15.231Z] Command:       /usr/local/bin/node /usr/local/bin/firebase serve
[debug] [2018-11-20T18:34:15.231Z] CLI Version:   6.1.0
[debug] [2018-11-20T18:34:15.231Z] Platform:      darwin
[debug] [2018-11-20T18:34:15.231Z] Node Version:  v9.11.1
[debug] [2018-11-20T18:34:15.232Z] Time:          Tue Nov 20 2018 13:34:15 GMT-0500 (EST)
[debug] [2018-11-20T18:34:15.232Z] ----------------------------------------------------------------------
[debug] 
[debug] [2018-11-20T18:34:15.248Z] > command requires scopes: ["email","openid","https://www.googleapis.com/auth/cloudplatformprojects.readonly","https://www.googleapis.com/auth/firebase","https://www.googleapis.com/auth/cloud-platform"]
[debug] [2018-11-20T18:34:15.249Z] > authorizing via signed-in user
[debug] [2018-11-20T18:34:15.249Z] [iam] checking project insanity2-27cd2 for permissions ["firebase.projects.get"]
[debug] [2018-11-20T18:34:15.251Z] > refreshing access token with scopes: ["email","https://www.googleapis.com/auth/cloud-platform","https://www.googleapis.com/auth/cloudplatformprojects.readonly","https://www.googleapis.com/auth/firebase","openid"]
[debug] [2018-11-20T18:34:15.251Z] >>> HTTP REQUEST POST https://www.googleapis.com/oauth2/v3/token  
 <request body omitted>
[debug] [2018-11-20T18:34:15.521Z] <<< HTTP RESPONSE 200
[debug] [2018-11-20T18:34:15.545Z] >>> HTTP REQUEST POST https://cloudresourcemanager.googleapis.com/v1/projects/insanity2-27cd2:testIamPermissions  

[debug] [2018-11-20T18:34:16.185Z] <<< HTTP RESPONSE 200
[debug] [2018-11-20T18:34:16.187Z] >>> HTTP REQUEST GET https://cloudresourcemanager.googleapis.com/v1/projects/insanity2-27cd2  
 
[debug] [2018-11-20T18:34:16.407Z] <<< HTTP RESPONSE 200
[info] 
[info] === Serving from '/Users/ethanbaker/Main/phaser/insanity2/fb'...
[info] 
[info] ✔  database: started on http://localhost:9000
[warn] ⚠  database: WARNING: An illegal reflective access operation has occurred
WARNING: Illegal reflective access by io.netty.util.internal.ReflectionUtil (file:/Users/ethanbaker/.cache/firebase/emulators/firebase-database-emulator-v3.5.0.jar) to field sun.nio.ch.SelectorImpl.selectedKeys
WARNING: Please consider reporting this to the maintainers of io.netty.util.internal.ReflectionUtil
WARNING: Use --illegal-access=warn to enable warnings of further illegal reflective access operations
WARNING: All illegal access operations will be denied in a future release
[warn] ⚠  database: 

